<?xml version="1.0" encoding="UTF-8"?>
<!-- Generated by org.testng.reporters.JUnitXMLReporter -->
<testsuite hostname="GNGE" name="Default test" tests="3" failures="0" timestamp="5 May 2018 02:36:00 GMT" time="28.132" errors="0">
  <testcase name="SharedFileTestMethod" time="3.496" classname="TestPackage.SharedFileTestClass"/>
  <testcase name="RepositoryTestMethod" time="3.986" classname="TestPackage.RepositoryTest"/>
  <testcase name="HomePageTestMethod" time="7.849" classname="TestPackage.HomePageTestClass"/>
</testsuite> <!-- Default test -->
