<?xml version="1.0" encoding="UTF-8"?>
<testng-results skipped="0" failed="0" total="1" passed="1">
  <reporter-output>
  </reporter-output>
  <suite name="Default suite" duration-ms="32224" started-at="2018-06-03T20:56:03Z" finished-at="2018-06-03T20:56:36Z">
    <groups>
    </groups>
    <test name="Default test" duration-ms="32224" started-at="2018-06-03T20:56:03Z" finished-at="2018-06-03T20:56:36Z">
      <class name="TestPackage.TestClass">
        <test-method status="PASS" signature="openapp()[pri:0, instance:TestPackage.TestClass@5b275dab]" name="openapp" is-config="true" duration-ms="12805" started-at="2018-06-03T16:56:03Z" finished-at="2018-06-03T16:56:16Z">
          <reporter-output>
          </reporter-output>
        </test-method> <!-- openapp -->
        <test-method status="PASS" signature="HomePageTestMethod()[pri:1, instance:TestPackage.TestClass@5b275dab]" name="HomePageTestMethod" duration-ms="19394" started-at="2018-06-03T16:56:16Z" finished-at="2018-06-03T16:56:36Z">
          <reporter-output>
          </reporter-output>
        </test-method> <!-- HomePageTestMethod -->
      </class> <!-- TestPackage.TestClass -->
    </test> <!-- Default test -->
  </suite> <!-- Default suite -->
</testng-results>
